d:\college\data structure\project\testrecent\card\x64\debug\card.myusercontrol.resources
d:\college\data structure\project\testrecent\card\x64\debug\card.pch
d:\college\data structure\project\testrecent\card\x64\debug\vc143.pdb
d:\college\data structure\project\testrecent\card\x64\debug\pch.obj
d:\college\data structure\project\testrecent\card\x64\debug\myusercontrol.obj
d:\college\data structure\project\testrecent\card\x64\debug\card.obj
d:\college\data structure\project\testrecent\card\x64\debug\assemblyinfo.obj
d:\college\data structure\project\testrecent\card\x64\debug\.netframework,version=v4.8.assemblyattributes.obj
d:\college\data structure\project\testrecent\x64\debug\card.dll
d:\college\data structure\project\testrecent\x64\debug\card.pdb
d:\college\data structure\project\testrecent\card\x64\debug\app.res
d:\college\data structure\project\testrecent\card\x64\debug\card.tlog\card.write.1u.tlog
d:\college\data structure\project\testrecent\card\x64\debug\card.tlog\cl.command.1.tlog
d:\college\data structure\project\testrecent\card\x64\debug\card.tlog\cl.read.1.tlog
d:\college\data structure\project\testrecent\card\x64\debug\card.tlog\cl.write.1.tlog
d:\college\data structure\project\testrecent\card\x64\debug\card.tlog\link.command.1.tlog
d:\college\data structure\project\testrecent\card\x64\debug\card.tlog\link.read.1.tlog
d:\college\data structure\project\testrecent\card\x64\debug\card.tlog\link.write.1.tlog
d:\college\data structure\project\testrecent\card\x64\debug\card.tlog\metagen.read.1.tlog
d:\college\data structure\project\testrecent\card\x64\debug\card.tlog\metagen.write.1.tlog
d:\college\data structure\project\testrecent\card\x64\debug\card.tlog\rc.command.1.tlog
d:\college\data structure\project\testrecent\card\x64\debug\card.tlog\rc.read.1.tlog
d:\college\data structure\project\testrecent\card\x64\debug\card.tlog\rc.write.1.tlog
