d:\college\data structure\project\testrecent\add member\x64\debug\addmember.membercpp.resources
d:\college\data structure\project\testrecent\add member\x64\debug\add member.pch
d:\college\data structure\project\testrecent\add member\x64\debug\vc143.pdb
d:\college\data structure\project\testrecent\add member\x64\debug\pch.obj
d:\college\data structure\project\testrecent\add member\x64\debug\membercpp.obj
d:\college\data structure\project\testrecent\add member\x64\debug\assemblyinfo.obj
d:\college\data structure\project\testrecent\add member\x64\debug\add member.obj
d:\college\data structure\project\testrecent\add member\x64\debug\.netframework,version=v4.8.assemblyattributes.obj
d:\college\data structure\project\testrecent\x64\debug\add member.dll
d:\college\data structure\project\testrecent\x64\debug\add member.pdb
d:\college\data structure\project\testrecent\add member\x64\debug\app.res
d:\college\data structure\project\testrecent\add member\x64\debug\add member.tlog\add member.write.1u.tlog
d:\college\data structure\project\testrecent\add member\x64\debug\add member.tlog\cl.command.1.tlog
d:\college\data structure\project\testrecent\add member\x64\debug\add member.tlog\cl.read.1.tlog
d:\college\data structure\project\testrecent\add member\x64\debug\add member.tlog\cl.write.1.tlog
d:\college\data structure\project\testrecent\add member\x64\debug\add member.tlog\link.command.1.tlog
d:\college\data structure\project\testrecent\add member\x64\debug\add member.tlog\link.read.1.tlog
d:\college\data structure\project\testrecent\add member\x64\debug\add member.tlog\link.write.1.tlog
d:\college\data structure\project\testrecent\add member\x64\debug\add member.tlog\metagen.read.1.tlog
d:\college\data structure\project\testrecent\add member\x64\debug\add member.tlog\metagen.write.1.tlog
d:\college\data structure\project\testrecent\add member\x64\debug\add member.tlog\rc.command.1.tlog
d:\college\data structure\project\testrecent\add member\x64\debug\add member.tlog\rc.read.1.tlog
d:\college\data structure\project\testrecent\add member\x64\debug\add member.tlog\rc.write.1.tlog
