d:\college\data structure\project\testrecent\messagecomponent\x64\debug\messagecomponent.pch
d:\college\data structure\project\testrecent\messagecomponent\x64\debug\vc143.pdb
d:\college\data structure\project\testrecent\messagecomponent\x64\debug\pch.obj
d:\college\data structure\project\testrecent\messagecomponent\x64\debug\myusercontrol.obj
d:\college\data structure\project\testrecent\messagecomponent\x64\debug\messagecomponent.obj
d:\college\data structure\project\testrecent\messagecomponent\x64\debug\assemblyinfo.obj
d:\college\data structure\project\testrecent\messagecomponent\x64\debug\.netframework,version=v4.8.assemblyattributes.obj
d:\college\data structure\project\testrecent\x64\debug\messagecomponent.dll
d:\college\data structure\project\testrecent\x64\debug\messagecomponent.pdb
d:\college\data structure\project\testrecent\messagecomponent\x64\debug\messagecomponent.myusercontrol.resources
d:\college\data structure\project\testrecent\messagecomponent\x64\debug\app.res
d:\college\data structure\project\testrecent\messagecomponent\x64\debug\messagecomponent.tlog\cl.command.1.tlog
d:\college\data structure\project\testrecent\messagecomponent\x64\debug\messagecomponent.tlog\cl.read.1.tlog
d:\college\data structure\project\testrecent\messagecomponent\x64\debug\messagecomponent.tlog\cl.write.1.tlog
d:\college\data structure\project\testrecent\messagecomponent\x64\debug\messagecomponent.tlog\link.command.1.tlog
d:\college\data structure\project\testrecent\messagecomponent\x64\debug\messagecomponent.tlog\link.read.1.tlog
d:\college\data structure\project\testrecent\messagecomponent\x64\debug\messagecomponent.tlog\link.write.1.tlog
d:\college\data structure\project\testrecent\messagecomponent\x64\debug\messagecomponent.tlog\messagecomponent.write.1u.tlog
d:\college\data structure\project\testrecent\messagecomponent\x64\debug\messagecomponent.tlog\metagen.read.1.tlog
d:\college\data structure\project\testrecent\messagecomponent\x64\debug\messagecomponent.tlog\metagen.write.1.tlog
d:\college\data structure\project\testrecent\messagecomponent\x64\debug\messagecomponent.tlog\rc.command.1.tlog
d:\college\data structure\project\testrecent\messagecomponent\x64\debug\messagecomponent.tlog\rc.read.1.tlog
d:\college\data structure\project\testrecent\messagecomponent\x64\debug\messagecomponent.tlog\rc.write.1.tlog
