d:\college\data structure\project\testrecent\addmember\x64\debug\addmember.member.resources
d:\college\data structure\project\testrecent\addmember\x64\debug\addmember.pch
d:\college\data structure\project\testrecent\addmember\x64\debug\vc143.pdb
d:\college\data structure\project\testrecent\addmember\x64\debug\pch.obj
d:\college\data structure\project\testrecent\addmember\x64\debug\member.obj
d:\college\data structure\project\testrecent\addmember\x64\debug\assemblyinfo.obj
d:\college\data structure\project\testrecent\addmember\x64\debug\addmember.obj
d:\college\data structure\project\testrecent\addmember\x64\debug\.netframework,version=v4.8.assemblyattributes.obj
d:\college\data structure\project\testrecent\x64\debug\addmember.dll
d:\college\data structure\project\testrecent\x64\debug\addmember.pdb
d:\college\data structure\project\testrecent\addmember\x64\debug\app.res
d:\college\data structure\project\testrecent\addmember\x64\debug\addmember.tlog\addmember.write.1u.tlog
d:\college\data structure\project\testrecent\addmember\x64\debug\addmember.tlog\cl.command.1.tlog
d:\college\data structure\project\testrecent\addmember\x64\debug\addmember.tlog\cl.read.1.tlog
d:\college\data structure\project\testrecent\addmember\x64\debug\addmember.tlog\cl.write.1.tlog
d:\college\data structure\project\testrecent\addmember\x64\debug\addmember.tlog\link.command.1.tlog
d:\college\data structure\project\testrecent\addmember\x64\debug\addmember.tlog\link.read.1.tlog
d:\college\data structure\project\testrecent\addmember\x64\debug\addmember.tlog\link.write.1.tlog
d:\college\data structure\project\testrecent\addmember\x64\debug\addmember.tlog\metagen.read.1.tlog
d:\college\data structure\project\testrecent\addmember\x64\debug\addmember.tlog\metagen.write.1.tlog
d:\college\data structure\project\testrecent\addmember\x64\debug\addmember.tlog\rc.command.1.tlog
d:\college\data structure\project\testrecent\addmember\x64\debug\addmember.tlog\rc.read.1.tlog
d:\college\data structure\project\testrecent\addmember\x64\debug\addmember.tlog\rc.write.1.tlog
