d:\college\data structure\project\testrecent\recaudiocomponent\x64\debug\recaudiocomponent.pch
d:\college\data structure\project\testrecent\recaudiocomponent\x64\debug\vc143.pdb
d:\college\data structure\project\testrecent\recaudiocomponent\x64\debug\pch.obj
d:\college\data structure\project\testrecent\recaudiocomponent\x64\debug\recaudiocomponent.obj
d:\college\data structure\project\testrecent\recaudiocomponent\x64\debug\audiocontrol.obj
d:\college\data structure\project\testrecent\recaudiocomponent\x64\debug\assemblyinfo.obj
d:\college\data structure\project\testrecent\recaudiocomponent\x64\debug\.netframework,version=v4.8.assemblyattributes.obj
d:\college\data structure\project\testrecent\x64\debug\recaudiocomponent.dll
d:\college\data structure\project\testrecent\x64\debug\recaudiocomponent.pdb
d:\college\data structure\project\testrecent\recaudiocomponent\x64\debug\app.res
d:\college\data structure\project\testrecent\recaudiocomponent\x64\debug\recaudiocomponent.audiocontrol.resources
d:\college\data structure\project\testrecent\recaudiocomponent\x64\debug\recaudio.6f68ca18.tlog\cl.command.1.tlog
d:\college\data structure\project\testrecent\recaudiocomponent\x64\debug\recaudio.6f68ca18.tlog\cl.read.1.tlog
d:\college\data structure\project\testrecent\recaudiocomponent\x64\debug\recaudio.6f68ca18.tlog\cl.write.1.tlog
d:\college\data structure\project\testrecent\recaudiocomponent\x64\debug\recaudio.6f68ca18.tlog\link.command.1.tlog
d:\college\data structure\project\testrecent\recaudiocomponent\x64\debug\recaudio.6f68ca18.tlog\link.read.1.tlog
d:\college\data structure\project\testrecent\recaudiocomponent\x64\debug\recaudio.6f68ca18.tlog\link.write.1.tlog
d:\college\data structure\project\testrecent\recaudiocomponent\x64\debug\recaudio.6f68ca18.tlog\metagen.read.1.tlog
d:\college\data structure\project\testrecent\recaudiocomponent\x64\debug\recaudio.6f68ca18.tlog\metagen.write.1.tlog
d:\college\data structure\project\testrecent\recaudiocomponent\x64\debug\recaudio.6f68ca18.tlog\rc.command.1.tlog
d:\college\data structure\project\testrecent\recaudiocomponent\x64\debug\recaudio.6f68ca18.tlog\rc.read.1.tlog
d:\college\data structure\project\testrecent\recaudiocomponent\x64\debug\recaudio.6f68ca18.tlog\rc.write.1.tlog
d:\college\data structure\project\testrecent\recaudiocomponent\x64\debug\recaudio.6f68ca18.tlog\recaudiocomponent.write.1u.tlog
